<?xml version="1.0" encoding="UTF-8"?>
<!-- Generated by org.testng.reporters.JUnitReportReporter -->
<testsuite hostname="localhost.localdomain" name="com.daniel.spring.dao.UserDaoImplTest" tests="6" failures="0" timestamp="1 Sep 2016 05:35:31 GMT" time="1.361" errors="0">
  <testcase name="deleteUserByInvalidUsername" time="0.640" classname="com.daniel.spring.dao.UserDaoImplTest"/>
  <testcase name="deleteUserByUsername" time="0.066" classname="com.daniel.spring.dao.UserDaoImplTest"/>
  <testcase name="findByUsername" time="0.131" classname="com.daniel.spring.dao.UserDaoImplTest"/>
  <testcase name="saveUser" time="0.139" classname="com.daniel.spring.dao.UserDaoImplTest"/>
  <testcase name="findAllUsers" time="0.111" classname="com.daniel.spring.dao.UserDaoImplTest"/>
  <testcase name="findById" time="0.274" classname="com.daniel.spring.dao.UserDaoImplTest"/>
</testsuite> <!-- com.daniel.spring.dao.UserDaoImplTest -->
