<?xml version="1.0" encoding="UTF-8"?>
<!-- Generated by org.testng.reporters.JUnitReportReporter -->
<testsuite hostname="localhost.localdomain" name="com.daniel.spring.service.UserServiceImplTest" tests="6" failures="0" timestamp="1 Sep 2016 04:53:04 GMT" time="0.153" errors="0">
  <testcase name="isUsernameUnique" time="0.002" classname="com.daniel.spring.service.UserServiceImplTest"/>
  <testcase name="deleteUserByUsername" time="0.052" classname="com.daniel.spring.service.UserServiceImplTest"/>
  <testcase name="findUserByUsername" time="0.048" classname="com.daniel.spring.service.UserServiceImplTest"/>
  <testcase name="findById" time="0.003" classname="com.daniel.spring.service.UserServiceImplTest"/>
  <testcase name="saveUser" time="0.043" classname="com.daniel.spring.service.UserServiceImplTest"/>
  <testcase name="findAllUsers" time="0.005" classname="com.daniel.spring.service.UserServiceImplTest"/>
</testsuite> <!-- com.daniel.spring.service.UserServiceImplTest -->
